<?xml version="1.0" encoding="UTF-8"?>
<!-- Generated by org.testng.reporters.JUnitReportReporter -->
<testsuite skipped="0" hostname="DESKTOP-86SU9N9" name="browser.Crossbrowser2" tests="1" failures="0" timestamp="2020-04-18T20:53:44 PDT" time="30.798" errors="0">
  <testcase name="method2" time="30.798" classname="browser.Crossbrowser2"/>
</testsuite> <!-- browser.Crossbrowser2 -->
