<?xml version="1.0" encoding="UTF-8"?>
<!-- Generated by org.testng.reporters.JUnitReportReporter -->
<testsuite skipped="0" hostname="DESKTOP-86SU9N9" name="browser.Crossbrowser1" tests="1" failures="0" timestamp="2020-04-18T20:53:44 PDT" time="34.903" errors="0">
  <testcase name="method1" time="34.903" classname="browser.Crossbrowser1"/>
</testsuite> <!-- browser.Crossbrowser1 -->
