<?xml version="1.0" encoding="UTF-8"?>
<!-- Generated by org.testng.reporters.JUnitReportReporter -->
<testsuite skipped="0" hostname="DESKTOP-86SU9N9" name="testcases.TC001_CreateLead" tests="2" failures="0" timestamp="2020-02-28T04:00:00 PST" time="50.541" errors="0">
  <testcase name="runCreateLead" time="29.548" classname="testcases.TC001_CreateLead"/>
  <testcase name="runCreateLead" time="20.993" classname="testcases.TC001_CreateLead"/>
</testsuite> <!-- testcases.TC001_CreateLead -->
